<?xml version="1.0" encoding="UTF-8"?>
<!-- Generated by org.testng.reporters.JUnitReportReporter -->
<testsuite hostname="Govinda" failures="0" tests="1" name="dhanunjaitech.Tests.ErrorValidations" time="7.315" errors="0" timestamp="2023-10-26T11:25:17 IST" skipped="0">
  <testcase classname="dhanunjaitech.Tests.ErrorValidations" name="submittest" time="7.315"/>
  <system-out/>
</testsuite> <!-- dhanunjaitech.Tests.ErrorValidations -->
