<?xml version="1.0" encoding="UTF-8"?>
<!-- Generated by org.testng.reporters.JUnitReportReporter -->
<testsuite hostname="Govinda" failures="0" tests="1" name="dhanunjaitech.Tests.SubmitTest" time="17.107" errors="0" timestamp="2023-10-26T11:18:03 IST" skipped="0">
  <testcase classname="dhanunjaitech.Tests.SubmitTest" name="submittest" time="17.107"/>
  <system-out/>
</testsuite> <!-- dhanunjaitech.Tests.SubmitTest -->
