<?xml version="1.0" encoding="UTF-8"?>
<!-- Generated by org.testng.reporters.JUnitReportReporter -->
<testsuite hostname="Govinda" failures="0" tests="3" name="dhanunjaitech.Tests.SubmitOrderTest" time="95.320" errors="0" timestamp="2023-11-07T16:10:22 IST" skipped="0">
  <testcase classname="dhanunjaitech.Tests.SubmitOrderTest" name="submitOrder" time="75.518"/>
  <testcase classname="dhanunjaitech.Tests.SubmitOrderTest" name="OrderHistoryTest" time="5.554"/>
  <testcase classname="dhanunjaitech.Tests.SubmitOrderTest" name="submitOrder" time="14.248"/>
</testsuite> <!-- dhanunjaitech.Tests.SubmitOrderTest -->
