<?xml version="1.0" encoding="UTF-8"?>
<!-- Generated by org.testng.reporters.JUnitReportReporter -->
<testsuite hostname="Govinda" failures="0" tests="2" name="dhanunjaitech.Tests.ErrorValidationsTest" time="17.758" errors="0" timestamp="2023-11-07T16:10:22 IST" skipped="0">
  <testcase classname="dhanunjaitech.Tests.ErrorValidationsTest" name="ProductErrorValidation" time="12.821"/>
  <testcase classname="dhanunjaitech.Tests.ErrorValidationsTest" name="LoginErrorValidation" time="4.937"/>
</testsuite> <!-- dhanunjaitech.Tests.ErrorValidationsTest -->
